<?xml version="1.0" encoding="UTF-8"?>
<!-- Generated by org.testng.reporters.JUnitReportReporter -->
<testsuite hostname="DESKTOP-1G9HVTV" name="com.d3a.qa.testcases.AllTestCase" tests="3" failures="0" timestamp="12 Sep 2021 07:12:22 GMT" time="6.901" errors="0">
  <testcase name="TC02" time="1.856" classname="com.d3a.qa.testcases.AllTestCase"/>
  <testcase name="TC01" time="1.942" classname="com.d3a.qa.testcases.AllTestCase"/>
  <testcase name="TC03" time="3.103" classname="com.d3a.qa.testcases.AllTestCase"/>
</testsuite> <!-- com.d3a.qa.testcases.AllTestCase -->
